Publishing 'IrisWEB_CSI (2124)' to HTML Pages (2430) (Started 11:00:51)
Loading variables (11:00:51)
Checking Release States (11:00:51)
Creating output folder
Load book contents (11:00:52)
Load related groups (11:00:52)
Loading Book (< 1 Second)
Start publishing content (11:00:53)
Determining HTML Pages filenames (< 1 Second)
Creating Table of Contents (< 1 Second)
Topic 'Introduzione' - 108
File 'Next Icon' - 124
File 'Contents Icon' - 122
File 'Index Icon' - 123
Topic 'Convenzioni Tipografiche' - 110
File 'Previous Icon' - 125
Topic 'W001P0 Login' - 2208
Topic 'Funzioni operative' - 2205
Topic 'W002P0 Selezione anagrafe' - 2137
Topic 'W002P1 Elenco anagrafe' - 2138
Topic 'W008P0 Giustificativi assenza/presenza' - 2165
Topic 'W023P0 Pianificazioni giornaliere' - 2720
Topic 'W016P0 Accessi mensa' - 2322
Topic 'W006P0 Lista personale reperibile' - 2164
Topic 'W028P0 Chiamate in reperibilità' - 2844
Topic 'W004P0 Reperibilità' - 2162
Topic 'W040P0 Upload documenti' - 3155
Topic 'Punto informativo' - 2206
Topic 'W011P0 Notifiche delle elaborazioni' - 2204
Topic 'W009P0 Stampa cartellino' - 2166
Topic 'W009P1 Validazione cartellino' - 2978
Topic 'W017P0 Stampa cedolino' - 2398
Topic 'W027P0 Detrazioni fiscali' - 3034
Topic 'W021P0 Stampa CUD/CU' - 2651
Topic 'W015P0 Generatore di stampe' - 2255
Topic 'Wc41P0 QueryServizio' - 3209
Topic 'W003P0 Anomalie' - 2161
Topic 'W002P2 Scheda anagrafica' - 2160
Topic 'W005P0 Cartellino interattivo' - 2163
Topic 'W010P0 Richiesta giustificativi' - 2168
Topic 'W010P2 Richiesta giustificativi' - 2787
Topic 'W010P1 Autorizzazione giustificativi' - 2167
Topic 'Wc10P0 Scelta festività' - 3198
Topic 'W033P0 Prospetto assenze' - 2962
Topic 'Wc38P0 Bollatrice virtuale' - 3138
Topic 'W018P0 Richiesta modifica timbrature' - 2525
Topic 'W018P1 Autorizzazione modifica timbrature' - 2526
Topic 'W024P0 Richiesta straordinari (Banca ore)' - 2766
Topic 'W024P1 Autorizzazione straordinari (Banca ore)' - 2767
Topic 'W024P3 Richiesta straordinari (Straordinario annuo)' - 2909
Topic 'W024P4 Autorizzazione straordinari (Straordinario annuo)' - 2910
Topic 'W025P0 Richiesta cambio orario' - 2839
Topic 'W025P1 Autorizzazione cambio orario' - 2840
Topic 'W026P0 Richiesta ecced. giornaliere' - 2820
Topic 'W026P2 Autorizzazione ecced. giornaliere' - 2822
Topic 'W026P1 Autorizzazione ecced. giornaliere' - 2821
Topic 'W032P0 Richiesta missioni' - 2935
Topic 'W032P1 Autorizzazione missioni' - 2941
Topic 'Wc01P0 Richiesta rendicontazione progetti' - 3186
Topic 'Wc01P1 Autorizzazione rendicontazione progetti' - 3188
Topic 'W012P0 Gestione curriculum' - 2169
Topic 'W013P0 Gestione preferenze' - 2186
Topic 'W036P0 Curriculum - Trasparenza' - 3099
Topic 'W022P0 Scheda di valutazione' - 2700
Topic 'W022P1 Dettaglio scheda di valutazione' - 2701
Topic 'W029P0 Pesature individuali' - 2849
Topic 'W031P0 Schede quantitative individuali' - 2889
Topic 'W014P0 Richiesta iscrizione corsi' - 2188
Topic 'W014P1 Autorizzazione iscrizione corsi' - 2265
Topic 'W034P0 Pubblicazione documenti' - 3002
Topic 'W035P0 Messaggistica' - 3036
Topic 'W037P0 Notifica adesione scioperi' - 3119
Topic 'W037P1 Autorizzazione adesione scioperi' - 3120
Topic 'Gestione sicurezza' - 2826
Topic 'W007P0 Gestione credenziali' - 2192
Topic 'W019P0 Gestione deleghe' - 2642
Topic 'W020P0 Cambio profilo' - 2644
Creating HTML Pages Pages (18 Second(s))
Hyperlink 'B000P0 Configurazione applicativi web' (2547)
Hyperlink 'B000P0 Configurazione applicativi web' - 2547 removed as not found in book table of contents
Hyperlink 'A008P1 Aziende/operatori - Gestione aziende' (1165)
Hyperlink 'A008P1 Aziende/operatori - Gestione aziende' - 1165 removed as not found in book table of contents
Hyperlink 'B000P0 Configurazione applicativi web' (2547)
Hyperlink 'B000P0 Configurazione applicativi web' - 2547 removed as not found in book table of contents
Hyperlink 'W002P1 Elenco anagrafe' (2171)
Hyperlink 'L001P0 Ridefinizione campi anagrafici' (955)
Hyperlink 'L001P0 Ridefinizione campi anagrafici' - 955 removed as not found in book table of contents
Hyperlink 'W002P1 Elenco anagrafe' (2171)
Hyperlink 'L001P0 Ridefinizione campi anagrafici' (955)
Hyperlink 'L001P0 Ridefinizione campi anagrafici' - 955 removed as not found in book table of contents
Hyperlink 'A008P3 Aziende/operatori - Gestione profili' (1167)
Hyperlink 'A008P3 Aziende/operatori - Gestione profili' - 1167 removed as not found in book table of contents
Hyperlink 'W002P1 Elenco anagrafe' (2171)
Hyperlink 'W002P1 Elenco anagrafe' (2171)
Hyperlink 'W002P2 Scheda anagrafica' (2172)
Hyperlink 'A008P1 Aziende/operatori - Gestione aziende' (1165)
Hyperlink 'A008P1 Aziende/operatori - Gestione aziende' - 1165 removed as not found in book table of contents
File 'btnAbblencaDato' - 825
Hyperlink 'A017P0 Raggruppamenti di assenza' (1000)
Hyperlink 'A017P0 Raggruppamenti di assenza' - 1000 removed as not found in book table of contents
Hyperlink 'W005P0 Cartellino interattivo' (2175)
Hyperlink 'T080_PIANIFORARI' (1643)
Hyperlink 'T080_PIANIFORARI' - 1643 removed as not found in book table of contents
File 'btnCancella' - 182
File 'btnAnnulla' - 185
File 'btnModifica' - 822
File 'btnConferma' - 184
Hyperlink 'W002P1 Elenco anagrafe' (2171)
Hyperlink 'W002P1 Elenco anagrafe' (2171)
Hyperlink 'W002P2 Scheda anagrafica' (2172)
Hyperlink 'W002P1 Elenco anagrafe' (2171)
Hyperlink 'W002P1 Elenco anagrafe' (2171)
Hyperlink 'W002P2 Scheda anagrafica' (2172)
Hyperlink 'T390_CHIAMATE_REPERIB' (2846)
Hyperlink 'T390_CHIAMATE_REPERIB' - 2846 removed as not found in book table of contents
Hyperlink 'A008P1 Aziende/operatori - Gestione aziende' (1165)
Hyperlink 'A008P1 Aziende/operatori - Gestione aziende' - 1165 removed as not found in book table of contents
File 'btnInserisci' - 169
Hyperlink 'A008P1 Aziende/operatori - Gestione aziende' (1165)
Hyperlink 'A008P1 Aziende/operatori - Gestione aziende' - 1165 removed as not found in book table of contents
File 'btnSchedaAnagrafica' - 360
Hyperlink 'A008P1 Aziende/operatori - Gestione aziende' (1165)
Hyperlink 'A008P1 Aziende/operatori - Gestione aziende' - 1165 removed as not found in book table of contents
Hyperlink 'A008P1 Aziende/operatori - Gestione aziende' (1165)
Hyperlink 'A008P1 Aziende/operatori - Gestione aziende' - 1165 removed as not found in book table of contents
Hyperlink 'W002P2 Scheda anagrafica' (2172)
Hyperlink 'W002P1 Elenco anagrafe' (2171)
Hyperlink 'W002P1 Elenco anagrafe' (2171)
Hyperlink 'A008P1 Aziende/operatori - Gestione aziende' (1165)
Hyperlink 'A008P1 Aziende/operatori - Gestione aziende' - 1165 removed as not found in book table of contents
Hyperlink 'A008P1 Aziende/operatori - Gestione aziende' (1165)
Hyperlink 'A008P1 Aziende/operatori - Gestione aziende' - 1165 removed as not found in book table of contents
Hyperlink 'W002P2 Scheda anagrafica' (2172)
Hyperlink 'A080P0 Tipologie cartellini' (1050)
Hyperlink 'A080P0 Tipologie cartellini' - 1050 removed as not found in book table of contents
Hyperlink 'A008P3 Aziende/operatori - Gestione profili' (1167)
Hyperlink 'A008P3 Aziende/operatori - Gestione profili' - 1167 removed as not found in book table of contents
Hyperlink 'A074P0 Cartolina buoni pasto/ticket restaurant' (1088)
Hyperlink 'A074P0 Cartolina buoni pasto/ticket restaurant' - 1088 removed as not found in book table of contents
Hyperlink 'A074P0 Cartolina buoni pasto/ticket restaurant' (1088)
Hyperlink 'A074P0 Cartolina buoni pasto/ticket restaurant' - 1088 removed as not found in book table of contents
Hyperlink 'A049P0 Cartolina accessi mensa' (1087)
Hyperlink 'A049P0 Cartolina accessi mensa' - 1087 removed as not found in book table of contents
Hyperlink 'A049P0 Cartolina accessi mensa' (1087)
Hyperlink 'A049P0 Cartolina accessi mensa' - 1087 removed as not found in book table of contents
Hyperlink 'A008P3 Aziende/operatori - Gestione profili' (1167)
Hyperlink 'A008P3 Aziende/operatori - Gestione profili' - 1167 removed as not found in book table of contents
Hyperlink 'W002P0 Selezione anagrafe' (2170)
Hyperlink 'W002P1 Elenco anagrafe' (2171)
Hyperlink 'W002P1 Elenco anagrafe' (2171)
Hyperlink 'W002P2 Scheda anagrafica' (2172)
Hyperlink 'A080P0 Tipologie cartellini' (1050)
Hyperlink 'A080P0 Tipologie cartellini' - 1050 removed as not found in book table of contents
Hyperlink 'A008P3 Aziende/operatori - Gestione profili' (1167)
Hyperlink 'A008P3 Aziende/operatori - Gestione profili' - 1167 removed as not found in book table of contents
Hyperlink 'A008P13 Aziende/operatori - Iter autorizzativi' (2959)
Hyperlink 'A008P13 Aziende/operatori - Iter autorizzativi' - 2959 removed as not found in book table of contents
Hyperlink 'A008P3 Aziende/operatori - Gestione profili' (1167)
Hyperlink 'A008P3 Aziende/operatori - Gestione profili' - 1167 removed as not found in book table of contents
Hyperlink 'P501P0 Configurazione dati aziendali' (1425)
Hyperlink 'P501P0 Configurazione dati aziendali' - 1425 removed as not found in book table of contents
Hyperlink 'A008P3 Aziende/operatori - Gestione profili' (1167)
Hyperlink 'A008P3 Aziende/operatori - Gestione profili' - 1167 removed as not found in book table of contents
Hyperlink 'A008P3 Aziende/operatori - Gestione profili' (1167)
Hyperlink 'A008P3 Aziende/operatori - Gestione profili' - 1167 removed as not found in book table of contents
Hyperlink 'SG101_FAMILIARI' (2015)
Hyperlink 'SG101_FAMILIARI' - 2015 removed as not found in book table of contents
Hyperlink 'W002P0 Selezione anagrafe' (2170)
Hyperlink 'T002_QUERYPERSONALIZZATE' (1826)
Hyperlink 'T002_QUERYPERSONALIZZATE' - 1826 removed as not found in book table of contents
Hyperlink 'A008P3 Aziende/operatori - Gestione profili' (1167)
Hyperlink 'A008P3 Aziende/operatori - Gestione profili' - 1167 removed as not found in book table of contents
Hyperlink 'W005P0 Cartellino interattivo' (2175)
Hyperlink 'W002P1 Elenco anagrafe' (2171)
Hyperlink 'W002P1 Elenco anagrafe' (2171)
Hyperlink 'W009P0 Stampa cartellino' (2178)
Hyperlink 'W005P0 Cartellino interattivo' (2175)
Hyperlink 'W002P1 Elenco anagrafe' (2171)
Hyperlink 'W002P1 Elenco anagrafe' (2171)
Hyperlink 'W002P1 Elenco anagrafe' (2171)
Hyperlink 'W002P2 Scheda anagrafica' (2172)
Hyperlink 'W002P1 Elenco anagrafe' (2171)
Hyperlink 'W023P0 Pianificazione orari' (2721)
Hyperlink 'W008P0 Giustificativi assenza/presenza' (2177)
Hyperlink 'W010P0 Richiesta giustificativi' (2179)
Hyperlink 'W018P0 Richiesta modifica timbrature' (2534)
Hyperlink 'W018P1 Autorizzazione modifica timbrature' (2535)
Hyperlink 'W008P0 Giustificativi assenza/presenza' (2177)
Hyperlink 'W002P1 Elenco anagrafe' (2171)
Hyperlink 'W002P1 Elenco anagrafe' (2171)
Hyperlink 'W002P2 Scheda anagrafica' (2172)
Hyperlink 'T850_ITER_RICHIESTE' (2944)
Hyperlink 'T850_ITER_RICHIESTE' - 2944 removed as not found in book table of contents
Hyperlink 'T851_ITER_AUTORIZZAZIONI' (2945)
Hyperlink 'T851_ITER_AUTORIZZAZIONI' - 2945 removed as not found in book table of contents
Hyperlink 'T050_RICHIESTEASSENZE' (1842)
Hyperlink 'T050_RICHIESTEASSENZE' - 1842 removed as not found in book table of contents
Hyperlink 'T265_CAUASSENZE' (1652)
Hyperlink 'T265_CAUASSENZE' - 1652 removed as not found in book table of contents
Hyperlink 'T275_CAUPRESENZE' (1654)
Hyperlink 'T275_CAUPRESENZE' - 1654 removed as not found in book table of contents
Hyperlink 'A008P3 Aziende/operatori - Gestione profili' (1167)
Hyperlink 'A008P3 Aziende/operatori - Gestione profili' - 1167 removed as not found in book table of contents
Hyperlink 'A008P1 Aziende/operatori - Gestione aziende' (1165)
Hyperlink 'A008P1 Aziende/operatori - Gestione aziende' - 1165 removed as not found in book table of contents
Hyperlink 'A008P1 Aziende/operatori - Gestione aziende' (1165)
Hyperlink 'A008P1 Aziende/operatori - Gestione aziende' - 1165 removed as not found in book table of contents
Hyperlink 'A008P13 Aziende/operatori - Iter autorizzativi' (2959)
Hyperlink 'A008P13 Aziende/operatori - Iter autorizzativi' - 2959 removed as not found in book table of contents
Hyperlink 'W002P1 Elenco anagrafe' (2171)
Hyperlink 'W002P1 Elenco anagrafe' (2171)
Hyperlink 'W002P2 Scheda anagrafica' (2172)
Hyperlink 'T850_ITER_RICHIESTE' (2944)
Hyperlink 'T850_ITER_RICHIESTE' - 2944 removed as not found in book table of contents
Hyperlink 'T851_ITER_AUTORIZZAZIONI' (2945)
Hyperlink 'T851_ITER_AUTORIZZAZIONI' - 2945 removed as not found in book table of contents
Hyperlink 'T050_RICHIESTEASSENZE' (1842)
Hyperlink 'T050_RICHIESTEASSENZE' - 1842 removed as not found in book table of contents
Hyperlink 'T265_CAUASSENZE' (1652)
Hyperlink 'T265_CAUASSENZE' - 1652 removed as not found in book table of contents
Hyperlink 'T275_CAUPRESENZE' (1654)
Hyperlink 'T275_CAUPRESENZE' - 1654 removed as not found in book table of contents
Hyperlink 'A008P3 Aziende/operatori - Gestione profili' (1167)
Hyperlink 'A008P3 Aziende/operatori - Gestione profili' - 1167 removed as not found in book table of contents
Hyperlink 'A008P1 Aziende/operatori - Gestione aziende' (1165)
Hyperlink 'A008P1 Aziende/operatori - Gestione aziende' - 1165 removed as not found in book table of contents
Hyperlink 'A008P13 Aziende/operatori - Iter autorizzativi' (2959)
Hyperlink 'A008P13 Aziende/operatori - Iter autorizzativi' - 2959 removed as not found in book table of contents
Hyperlink 'W002P1 Elenco anagrafe' (2171)
Hyperlink 'W002P1 Elenco anagrafe' (2171)
Hyperlink 'W002P2 Scheda anagrafica' (2172)
Hyperlink 'T850_ITER_RICHIESTE' (2944)
Hyperlink 'T850_ITER_RICHIESTE' - 2944 removed as not found in book table of contents
Hyperlink 'T851_ITER_AUTORIZZAZIONI' (2945)
Hyperlink 'T851_ITER_AUTORIZZAZIONI' - 2945 removed as not found in book table of contents
Hyperlink 'T050_RICHIESTEASSENZE' (1842)
Hyperlink 'T050_RICHIESTEASSENZE' - 1842 removed as not found in book table of contents
Hyperlink 'T265_CAUASSENZE' (1652)
Hyperlink 'T265_CAUASSENZE' - 1652 removed as not found in book table of contents
Hyperlink 'T275_CAUPRESENZE' (1654)
Hyperlink 'T275_CAUPRESENZE' - 1654 removed as not found in book table of contents
Hyperlink 'A008P13 Aziende/operatori - Iter autorizzativi' (2959)
Hyperlink 'A008P13 Aziende/operatori - Iter autorizzativi' - 2959 removed as not found in book table of contents
Hyperlink 'A008P12 Aziende/operatori - Gestione moduli' (2961)
Hyperlink 'A008P12 Aziende/operatori - Gestione moduli' - 2961 removed as not found in book table of contents
Hyperlink 'A008P13 Aziende/operatori - Iter autorizzativi' (2959)
Hyperlink 'A008P13 Aziende/operatori - Iter autorizzativi' - 2959 removed as not found in book table of contents
Hyperlink 'A008P13 Aziende/operatori - Iter autorizzativi' (2959)
Hyperlink 'A008P13 Aziende/operatori - Iter autorizzativi' - 2959 removed as not found in book table of contents
File 'btnStampante' - 224
Hyperlink 'CSI010_FESTIVITA_PARTICOLARI' (3193)
Hyperlink 'CSI010_FESTIVITA_PARTICOLARI' - 3193 removed as not found in book table of contents
Hyperlink 'W002P1 Elenco anagrafe' (2171)
Hyperlink 'A016P2 Causali di assenza - Regole di inserimento' (1141)
Hyperlink 'A016P2 Causali di assenza - Regole di inserimento' - 1141 removed as not found in book table of contents
Hyperlink 'T100_TIMBRATURE' (1854)
Hyperlink 'T100_TIMBRATURE' - 1854 removed as not found in book table of contents
Hyperlink 'T361_OROLOGI' (1901)
Hyperlink 'T361_OROLOGI' - 1901 removed as not found in book table of contents
Hyperlink 'W002P1 Elenco anagrafe' (2171)
Hyperlink 'W002P2 Scheda anagrafica' (2172)
Hyperlink 'A008P1 Aziende/operatori - Gestione aziende' (1165)
Hyperlink 'A008P1 Aziende/operatori - Gestione aziende' - 1165 removed as not found in book table of contents
Hyperlink 'A086P0 Motivazioni richieste' (2751)
Hyperlink 'A086P0 Motivazioni richieste' - 2751 removed as not found in book table of contents
Hyperlink 'A008P3 Aziende/operatori - Gestione profili' (1167)
Hyperlink 'A008P3 Aziende/operatori - Gestione profili' - 1167 removed as not found in book table of contents
Hyperlink 'A008P3 Aziende/operatori - Gestione profili' (1167)
Hyperlink 'A008P3 Aziende/operatori - Gestione profili' - 1167 removed as not found in book table of contents
Hyperlink 'A008P3 Aziende/operatori - Gestione profili' (1167)
Hyperlink 'A008P3 Aziende/operatori - Gestione profili' - 1167 removed as not found in book table of contents
Hyperlink 'A086P0 Motivazioni richieste' (2751)
Hyperlink 'A086P0 Motivazioni richieste' - 2751 removed as not found in book table of contents
Hyperlink 'A008P3 Aziende/operatori - Gestione profili' (1167)
Hyperlink 'A008P3 Aziende/operatori - Gestione profili' - 1167 removed as not found in book table of contents
Hyperlink 'A008P3 Aziende/operatori - Gestione profili' (1167)
Hyperlink 'A008P3 Aziende/operatori - Gestione profili' - 1167 removed as not found in book table of contents
Hyperlink 'T850_ITER_RICHIESTE' (2944)
Hyperlink 'T850_ITER_RICHIESTE' - 2944 removed as not found in book table of contents
Hyperlink 'T851_ITER_AUTORIZZAZIONI' (2945)
Hyperlink 'T851_ITER_AUTORIZZAZIONI' - 2945 removed as not found in book table of contents
Hyperlink 'T105_RICHIESTETIMBRATURE' (2530)
Hyperlink 'T105_RICHIESTETIMBRATURE' - 2530 removed as not found in book table of contents
Hyperlink 'A008P3 Aziende/operatori - Gestione profili' (1167)
Hyperlink 'A008P3 Aziende/operatori - Gestione profili' - 1167 removed as not found in book table of contents
Hyperlink 'A008P3 Aziende/operatori - Gestione profili' (1167)
Hyperlink 'A008P3 Aziende/operatori - Gestione profili' - 1167 removed as not found in book table of contents
Hyperlink 'A008P13 Aziende/operatori - Iter autorizzativi' (2959)
Hyperlink 'A008P13 Aziende/operatori - Iter autorizzativi' - 2959 removed as not found in book table of contents
Hyperlink 'A020P0 Causali di presenza' (1013)
Hyperlink 'A020P0 Causali di presenza' - 1013 removed as not found in book table of contents
Hyperlink 'W002P1 Elenco anagrafe' (2171)
Hyperlink 'W002P2 Scheda anagrafica' (2172)
Hyperlink 'T850_ITER_RICHIESTE' (2944)
Hyperlink 'T850_ITER_RICHIESTE' - 2944 removed as not found in book table of contents
Hyperlink 'T851_ITER_AUTORIZZAZIONI' (2945)
Hyperlink 'T851_ITER_AUTORIZZAZIONI' - 2945 removed as not found in book table of contents
Hyperlink 'T105_RICHIESTETIMBRATURE' (2530)
Hyperlink 'T105_RICHIESTETIMBRATURE' - 2530 removed as not found in book table of contents
Hyperlink 'A008P3 Aziende/operatori - Gestione profili' (1167)
Hyperlink 'A008P3 Aziende/operatori - Gestione profili' - 1167 removed as not found in book table of contents
Hyperlink 'A008P13 Aziende/operatori - Iter autorizzativi' (2959)
Hyperlink 'A008P13 Aziende/operatori - Iter autorizzativi' - 2959 removed as not found in book table of contents
Hyperlink 'A020P0 Causali di presenza' (1013)
Hyperlink 'A020P0 Causali di presenza' - 1013 removed as not found in book table of contents
Hyperlink 'A008P12 Aziende/operatori - Gestione moduli' (2961)
Hyperlink 'A008P12 Aziende/operatori - Gestione moduli' - 2961 removed as not found in book table of contents
Hyperlink 'A008P1 Aziende/operatori - Gestione aziende' (1165)
Hyperlink 'A008P1 Aziende/operatori - Gestione aziende' - 1165 removed as not found in book table of contents
Hyperlink 'W005P0 Cartellino interattivo' (2175)
Hyperlink 'A008P1 Aziende/operatori - Gestione aziende' (1165)
Hyperlink 'A008P1 Aziende/operatori - Gestione aziende' - 1165 removed as not found in book table of contents
Hyperlink 'W002P1 Elenco anagrafe' (2171)
Hyperlink 'W002P1 Elenco anagrafe' (2171)
Hyperlink 'W002P2 Scheda anagrafica' (2172)
Hyperlink 'T065_RICHIESTESTRAORDINARI' (2779)
Hyperlink 'T065_RICHIESTESTRAORDINARI' - 2779 removed as not found in book table of contents
Hyperlink 'A008P13 Aziende/operatori - Iter autorizzativi' (2959)
Hyperlink 'A008P13 Aziende/operatori - Iter autorizzativi' - 2959 removed as not found in book table of contents
Hyperlink 'A008P1 Aziende/operatori - Gestione aziende' (1165)
Hyperlink 'A008P1 Aziende/operatori - Gestione aziende' - 1165 removed as not found in book table of contents
Hyperlink 'W002P1 Elenco anagrafe' (2171)
Hyperlink 'W002P2 Scheda anagrafica' (2172)
Hyperlink 'T065_RICHIESTESTRAORDINARI' (2779)
Hyperlink 'T065_RICHIESTESTRAORDINARI' - 2779 removed as not found in book table of contents
Hyperlink 'A008P13 Aziende/operatori - Iter autorizzativi' (2959)
Hyperlink 'A008P13 Aziende/operatori - Iter autorizzativi' - 2959 removed as not found in book table of contents
Hyperlink 'A126P0 Sicurezza riepiloghi' (1517)
Hyperlink 'A126P0 Sicurezza riepiloghi' - 1517 removed as not found in book table of contents
Hyperlink 'W002P1 Elenco anagrafe' (2171)
Hyperlink 'W002P1 Elenco anagrafe' (2171)
Hyperlink 'W002P2 Scheda anagrafica' (2172)
Hyperlink 'T065_RICHIESTESTRAORDINARI' (2779)
Hyperlink 'T065_RICHIESTESTRAORDINARI' - 2779 removed as not found in book table of contents
Hyperlink 'A008P13 Aziende/operatori - Iter autorizzativi' (2959)
Hyperlink 'A008P13 Aziende/operatori - Iter autorizzativi' - 2959 removed as not found in book table of contents
Hyperlink 'A094P0 Limiti mensili delle eccedenze orarie' (1101)
Hyperlink 'A094P0 Limiti mensili delle eccedenze orarie' - 1101 removed as not found in book table of contents
Hyperlink 'A094P0 Limiti mensili delle eccedenze orarie' (1101)
Hyperlink 'A094P0 Limiti mensili delle eccedenze orarie' - 1101 removed as not found in book table of contents
Hyperlink 'A126P0 Sicurezza riepiloghi' (1517)
Hyperlink 'A126P0 Sicurezza riepiloghi' - 1517 removed as not found in book table of contents
Hyperlink 'W002P1 Elenco anagrafe' (2171)
Hyperlink 'W002P2 Scheda anagrafica' (2172)
Hyperlink 'T065_RICHIESTESTRAORDINARI' (2779)
Hyperlink 'T065_RICHIESTESTRAORDINARI' - 2779 removed as not found in book table of contents
Hyperlink 'A008P13 Aziende/operatori - Iter autorizzativi' (2959)
Hyperlink 'A008P13 Aziende/operatori - Iter autorizzativi' - 2959 removed as not found in book table of contents
Hyperlink 'A094P0 Limiti mensili delle eccedenze orarie' (1101)
Hyperlink 'A094P0 Limiti mensili delle eccedenze orarie' - 1101 removed as not found in book table of contents
Hyperlink 'A094P0 Limiti mensili delle eccedenze orarie' (1101)
Hyperlink 'A094P0 Limiti mensili delle eccedenze orarie' - 1101 removed as not found in book table of contents
Hyperlink 'A008P1 Aziende/operatori - Gestione aziende' (1165)
Hyperlink 'A008P1 Aziende/operatori - Gestione aziende' - 1165 removed as not found in book table of contents
Hyperlink 'W002P1 Elenco anagrafe' (2171)
Hyperlink 'W002P1 Elenco anagrafe' (2171)
Hyperlink 'W002P2 Scheda anagrafica' (2172)
Hyperlink 'W005P0 Cartellino interattivo' (2175)
Hyperlink 'T085_RICHIESTECAMBIORARI' (2842)
Hyperlink 'T085_RICHIESTECAMBIORARI' - 2842 removed as not found in book table of contents
Hyperlink 'A008P13 Aziende/operatori - Iter autorizzativi' (2959)
Hyperlink 'A008P13 Aziende/operatori - Iter autorizzativi' - 2959 removed as not found in book table of contents
Hyperlink 'A008P1 Aziende/operatori - Gestione aziende' (1165)
Hyperlink 'A008P1 Aziende/operatori - Gestione aziende' - 1165 removed as not found in book table of contents
Hyperlink 'A008P1 Aziende/operatori - Gestione aziende' (1165)
Hyperlink 'A008P1 Aziende/operatori - Gestione aziende' - 1165 removed as not found in book table of contents
Hyperlink 'W002P1 Elenco anagrafe' (2171)
Hyperlink 'W002P2 Scheda anagrafica' (2172)
Hyperlink 'T085_RICHIESTECAMBIORARI' (2842)
Hyperlink 'T085_RICHIESTECAMBIORARI' - 2842 removed as not found in book table of contents
Hyperlink 'A008P13 Aziende/operatori - Iter autorizzativi' (2959)
Hyperlink 'A008P13 Aziende/operatori - Iter autorizzativi' - 2959 removed as not found in book table of contents
Hyperlink 'W002P1 Elenco anagrafe' (2171)
Hyperlink 'W002P1 Elenco anagrafe' (2171)
Hyperlink 'W002P2 Scheda anagrafica' (2172)
Hyperlink 'A126P0 Sicurezza riepiloghi' (1517)
Hyperlink 'A126P0 Sicurezza riepiloghi' - 1517 removed as not found in book table of contents
Hyperlink 'T850_ITER_RICHIESTE' (2944)
Hyperlink 'T850_ITER_RICHIESTE' - 2944 removed as not found in book table of contents
Hyperlink 'T851_ITER_AUTORIZZAZIONI' (2945)
Hyperlink 'T851_ITER_AUTORIZZAZIONI' - 2945 removed as not found in book table of contents
Hyperlink 'T325_RICHIESTESTR_GG' (2835)
Hyperlink 'T325_RICHIESTESTR_GG' - 2835 removed as not found in book table of contents
Hyperlink 'T326_RICHIESTESTR_SPEZ' (2836)
Hyperlink 'T326_RICHIESTESTR_SPEZ' - 2836 removed as not found in book table of contents
Hyperlink 'A008P13 Aziende/operatori - Iter autorizzativi' (2959)
Hyperlink 'A008P13 Aziende/operatori - Iter autorizzativi' - 2959 removed as not found in book table of contents
Hyperlink 'W002P1 Elenco anagrafe' (2171)
Hyperlink 'W002P2 Scheda anagrafica' (2172)
Hyperlink 'A126P0 Sicurezza riepiloghi' (1517)
Hyperlink 'A126P0 Sicurezza riepiloghi' - 1517 removed as not found in book table of contents
Hyperlink 'T850_ITER_RICHIESTE' (2944)
Hyperlink 'T850_ITER_RICHIESTE' - 2944 removed as not found in book table of contents
Hyperlink 'T851_ITER_AUTORIZZAZIONI' (2945)
Hyperlink 'T851_ITER_AUTORIZZAZIONI' - 2945 removed as not found in book table of contents
Hyperlink 'T325_RICHIESTESTR_GG' (2835)
Hyperlink 'T325_RICHIESTESTR_GG' - 2835 removed as not found in book table of contents
Hyperlink 'T326_RICHIESTESTR_SPEZ' (2836)
Hyperlink 'T326_RICHIESTESTR_SPEZ' - 2836 removed as not found in book table of contents
Hyperlink 'A008P13 Aziende/operatori - Iter autorizzativi' (2959)
Hyperlink 'A008P13 Aziende/operatori - Iter autorizzativi' - 2959 removed as not found in book table of contents
Hyperlink 'W002P2 Scheda anagrafica' (2172)
Hyperlink 'A126P0 Sicurezza riepiloghi' (1517)
Hyperlink 'A126P0 Sicurezza riepiloghi' - 1517 removed as not found in book table of contents
Hyperlink 'T850_ITER_RICHIESTE' (2944)
Hyperlink 'T850_ITER_RICHIESTE' - 2944 removed as not found in book table of contents
Hyperlink 'T851_ITER_AUTORIZZAZIONI' (2945)
Hyperlink 'T851_ITER_AUTORIZZAZIONI' - 2945 removed as not found in book table of contents
Hyperlink 'T325_RICHIESTESTR_GG' (2835)
Hyperlink 'T325_RICHIESTESTR_GG' - 2835 removed as not found in book table of contents
Hyperlink 'T326_RICHIESTESTR_SPEZ' (2836)
Hyperlink 'T326_RICHIESTESTR_SPEZ' - 2836 removed as not found in book table of contents
Hyperlink 'A008P13 Aziende/operatori - Iter autorizzativi' (2959)
Hyperlink 'A008P13 Aziende/operatori - Iter autorizzativi' - 2959 removed as not found in book table of contents
Hyperlink 'W002P1 Elenco anagrafe' (2171)
Hyperlink 'W002P1 Elenco anagrafe' (2171)
Hyperlink 'W002P2 Scheda anagrafica' (2172)
Hyperlink 'T850_ITER_RICHIESTE' (2944)
Hyperlink 'T850_ITER_RICHIESTE' - 2944 removed as not found in book table of contents
Hyperlink 'T851_ITER_AUTORIZZAZIONI' (2945)
Hyperlink 'T851_ITER_AUTORIZZAZIONI' - 2945 removed as not found in book table of contents
Hyperlink 'M140_RICHIESTE_MISSIONI' (2936)
Hyperlink 'M140_RICHIESTE_MISSIONI' - 2936 removed as not found in book table of contents
Hyperlink 'M170_RICHIESTE_MEZZI' (2939)
Hyperlink 'M170_RICHIESTE_MEZZI' - 2939 removed as not found in book table of contents
Hyperlink 'M175_RICHIESTE_MOTIVAZIONI' (2940)
Hyperlink 'M175_RICHIESTE_MOTIVAZIONI' - 2940 removed as not found in book table of contents
Hyperlink 'M160_RICHIESTE_ANTICIPI' (2938)
Hyperlink 'M160_RICHIESTE_ANTICIPI' - 2938 removed as not found in book table of contents
Hyperlink 'M150_RICHIESTE_RIMBORSI' (2937)
Hyperlink 'M150_RICHIESTE_RIMBORSI' - 2937 removed as not found in book table of contents
Hyperlink 'A008P13 Aziende/operatori - Iter autorizzativi' (2959)
Hyperlink 'A008P13 Aziende/operatori - Iter autorizzativi' - 2959 removed as not found in book table of contents
Hyperlink 'W002P1 Elenco anagrafe' (2171)
Hyperlink 'W002P1 Elenco anagrafe' (2171)
Hyperlink 'W002P2 Scheda anagrafica' (2172)
Hyperlink 'T850_ITER_RICHIESTE' (2944)
Hyperlink 'T850_ITER_RICHIESTE' - 2944 removed as not found in book table of contents
Hyperlink 'T851_ITER_AUTORIZZAZIONI' (2945)
Hyperlink 'T851_ITER_AUTORIZZAZIONI' - 2945 removed as not found in book table of contents
Hyperlink 'M140_RICHIESTE_MISSIONI' (2936)
Hyperlink 'M140_RICHIESTE_MISSIONI' - 2936 removed as not found in book table of contents
Hyperlink 'M170_RICHIESTE_MEZZI' (2939)
Hyperlink 'M170_RICHIESTE_MEZZI' - 2939 removed as not found in book table of contents
Hyperlink 'M175_RICHIESTE_MOTIVAZIONI' (2940)
Hyperlink 'M175_RICHIESTE_MOTIVAZIONI' - 2940 removed as not found in book table of contents
Hyperlink 'M160_RICHIESTE_ANTICIPI' (2938)
Hyperlink 'M160_RICHIESTE_ANTICIPI' - 2938 removed as not found in book table of contents
Hyperlink 'M150_RICHIESTE_RIMBORSI' (2937)
Hyperlink 'M150_RICHIESTE_RIMBORSI' - 2937 removed as not found in book table of contents
Hyperlink 'A008P13 Aziende/operatori - Iter autorizzativi' (2959)
Hyperlink 'A008P13 Aziende/operatori - Iter autorizzativi' - 2959 removed as not found in book table of contents
Hyperlink 'T755_RICHIESTE_RENDICONTO' (3179)
Hyperlink 'T755_RICHIESTE_RENDICONTO' - 3179 removed as not found in book table of contents
Hyperlink 'A008P3 Aziende/operatori - Gestione profili' (1167)
Hyperlink 'A008P3 Aziende/operatori - Gestione profili' - 1167 removed as not found in book table of contents
Hyperlink 'A008P13 Aziende/operatori - Iter autorizzativi' (2959)
Hyperlink 'A008P13 Aziende/operatori - Iter autorizzativi' - 2959 removed as not found in book table of contents
Hyperlink 'W002P1 Elenco anagrafe' (2171)
Hyperlink 'W002P2 Scheda anagrafica' (2172)
Hyperlink 'T755_RICHIESTE_RENDICONTO' (3179)
Hyperlink 'T755_RICHIESTE_RENDICONTO' - 3179 removed as not found in book table of contents
Hyperlink 'A008P3 Aziende/operatori - Gestione profili' (1167)
Hyperlink 'A008P3 Aziende/operatori - Gestione profili' - 1167 removed as not found in book table of contents
Hyperlink 'A008P13 Aziende/operatori - Iter autorizzativi' (2959)
Hyperlink 'A008P13 Aziende/operatori - Iter autorizzativi' - 2959 removed as not found in book table of contents
Hyperlink 'Ac01P0 Progetti' (3182)
Hyperlink 'Ac01P0 Progetti' - 3182 removed as not found in book table of contents
Hyperlink 'W002P1 Elenco anagrafe' (2171)
Hyperlink 'W002P1 Elenco anagrafe' (2171)
Hyperlink 'W002P2 Scheda anagrafica' (2172)
Hyperlink 'A008P1 Aziende/operatori - Gestione aziende' (1165)
Hyperlink 'A008P1 Aziende/operatori - Gestione aziende' - 1165 removed as not found in book table of contents
Hyperlink 'W002P1 Elenco anagrafe' (2171)
Hyperlink 'W002P1 Elenco anagrafe' (2171)
Hyperlink 'W002P2 Scheda anagrafica' (2172)
Hyperlink 'SG210_TRASP_ESPERIENZE' (3102)
Hyperlink 'SG210_TRASP_ESPERIENZE' - 3102 removed as not found in book table of contents
Hyperlink 'SG211_TRASP_FORMAZIONE' (3105)
Hyperlink 'SG211_TRASP_FORMAZIONE' - 3105 removed as not found in book table of contents
Hyperlink 'SG212_TRASP_LINGUE' (3106)
Hyperlink 'SG212_TRASP_LINGUE' - 3106 removed as not found in book table of contents
Hyperlink 'SG213_TRASP_DICHIARAZIONI' (3108)
Hyperlink 'SG213_TRASP_DICHIARAZIONI' - 3108 removed as not found in book table of contents
Hyperlink 'SG215_TRASP_ABBINA_CAMPI' (3097)
Hyperlink 'SG215_TRASP_ABBINA_CAMPI' - 3097 removed as not found in book table of contents
Hyperlink 'SG216_TRASP_ELENCO_VALORI' (3098)
Hyperlink 'SG216_TRASP_ELENCO_VALORI' - 3098 removed as not found in book table of contents
Hyperlink 'S740P0 Regole valutazioni' (2648)
Hyperlink 'S740P0 Regole valutazioni' - 2648 removed as not found in book table of contents
Hyperlink 'A002P1 Scheda anagrafica' (989)
Hyperlink 'A002P1 Scheda anagrafica' - 989 removed as not found in book table of contents
Hyperlink 'S740P0 Regole valutazioni' (2648)
Hyperlink 'S740P0 Regole valutazioni' - 2648 removed as not found in book table of contents
Hyperlink 'A016P2 Causali di assenza - Regole di inserimento' (1141)
Hyperlink 'A016P2 Causali di assenza - Regole di inserimento' - 1141 removed as not found in book table of contents
Hyperlink 'A002P1 Scheda anagrafica' (989)
Hyperlink 'A002P1 Scheda anagrafica' - 989 removed as not found in book table of contents
Hyperlink 'S700P0 Gestione aree e valutazioni' (2614)
Hyperlink 'S700P0 Gestione aree e valutazioni' - 2614 removed as not found in book table of contents
Hyperlink 'S720P0 Profili aree' (2612)
Hyperlink 'S720P0 Profili aree' - 2612 removed as not found in book table of contents
Hyperlink 'S700P0 Gestione aree e valutazioni' (2614)
Hyperlink 'S700P0 Gestione aree e valutazioni' - 2614 removed as not found in book table of contents
Hyperlink 'S700P0 Gestione aree e valutazioni' (2614)
Hyperlink 'S700P0 Gestione aree e valutazioni' - 2614 removed as not found in book table of contents
Hyperlink 'A008P3 Aziende/operatori - Gestione profili' (1167)
Hyperlink 'A008P3 Aziende/operatori - Gestione profili' - 1167 removed as not found in book table of contents
Hyperlink 'A008P2 Aziende/operatori - Gestione operatori' (1166)
Hyperlink 'A008P2 Aziende/operatori - Gestione operatori' - 1166 removed as not found in book table of contents
Hyperlink 'S706P0 Legami valutatore-dipendente' (2616)
Hyperlink 'S706P0 Legami valutatore-dipendente' - 2616 removed as not found in book table of contents
Hyperlink 'S746P0 Stati avanzamento valutazioni' (3027)
Hyperlink 'S746P0 Stati avanzamento valutazioni' - 3027 removed as not found in book table of contents
Hyperlink 'SG710_TESTATA_VALUTAZIONI' (2594)
Hyperlink 'SG710_TESTATA_VALUTAZIONI' - 2594 removed as not found in book table of contents
Hyperlink 'SG711_VALUTAZIONI_DIPENDENTE' (2595)
Hyperlink 'SG711_VALUTAZIONI_DIPENDENTE' - 2595 removed as not found in book table of contents
Hyperlink 'W002P2 Scheda anagrafica' (2172)
Hyperlink 'W002P1 Elenco anagrafe' (2171)
Hyperlink 'W022P1 Dettaglio scheda di valutazione' (2703)
Hyperlink 'A008P3 Aziende/operatori - Gestione profili' (1167)
Hyperlink 'A008P3 Aziende/operatori - Gestione profili' - 1167 removed as not found in book table of contents
Hyperlink 'A008P3 Aziende/operatori - Gestione profili' (1167)
Hyperlink 'A008P3 Aziende/operatori - Gestione profili' - 1167 removed as not found in book table of contents
Hyperlink 'S706P0 Legami valutatore-dipendente' (2616)
Hyperlink 'S706P0 Legami valutatore-dipendente' - 2616 removed as not found in book table of contents
Hyperlink 'S746P0 Stati avanzamento valutazioni' (3027)
Hyperlink 'S746P0 Stati avanzamento valutazioni' - 3027 removed as not found in book table of contents
Hyperlink 'S740P0 Regole valutazioni' (2648)
Hyperlink 'S740P0 Regole valutazioni' - 2648 removed as not found in book table of contents
Hyperlink 'A002P1 Scheda anagrafica' (989)
Hyperlink 'A002P1 Scheda anagrafica' - 989 removed as not found in book table of contents
Hyperlink 'S740P0 Regole valutazioni' (2648)
Hyperlink 'S740P0 Regole valutazioni' - 2648 removed as not found in book table of contents
Hyperlink 'A016P2 Causali di assenza - Regole di inserimento' (1141)
Hyperlink 'A016P2 Causali di assenza - Regole di inserimento' - 1141 removed as not found in book table of contents
Hyperlink 'A002P1 Scheda anagrafica' (989)
Hyperlink 'A002P1 Scheda anagrafica' - 989 removed as not found in book table of contents
Hyperlink 'S700P0 Gestione aree e valutazioni' (2614)
Hyperlink 'S700P0 Gestione aree e valutazioni' - 2614 removed as not found in book table of contents
Hyperlink 'S720P0 Profili aree' (2612)
Hyperlink 'S720P0 Profili aree' - 2612 removed as not found in book table of contents
Hyperlink 'S700P0 Gestione aree e valutazioni' (2614)
Hyperlink 'S700P0 Gestione aree e valutazioni' - 2614 removed as not found in book table of contents
Hyperlink 'S700P0 Gestione aree e valutazioni' (2614)
Hyperlink 'S700P0 Gestione aree e valutazioni' - 2614 removed as not found in book table of contents
Hyperlink 'A008P3 Aziende/operatori - Gestione profili' (1167)
Hyperlink 'A008P3 Aziende/operatori - Gestione profili' - 1167 removed as not found in book table of contents
Hyperlink 'A008P2 Aziende/operatori - Gestione operatori' (1166)
Hyperlink 'A008P2 Aziende/operatori - Gestione operatori' - 1166 removed as not found in book table of contents
Hyperlink 'S706P0 Legami valutatore-dipendente' (2616)
Hyperlink 'S706P0 Legami valutatore-dipendente' - 2616 removed as not found in book table of contents
Hyperlink 'A008P3 Aziende/operatori - Gestione profili' (1167)
Hyperlink 'A008P3 Aziende/operatori - Gestione profili' - 1167 removed as not found in book table of contents
Hyperlink 'S746P0 Stati avanzamento valutazioni' (3027)
Hyperlink 'S746P0 Stati avanzamento valutazioni' - 3027 removed as not found in book table of contents
Hyperlink 'SG710_TESTATA_VALUTAZIONI' (2594)
Hyperlink 'SG710_TESTATA_VALUTAZIONI' - 2594 removed as not found in book table of contents
Hyperlink 'SG711_VALUTAZIONI_DIPENDENTE' (2595)
Hyperlink 'SG711_VALUTAZIONI_DIPENDENTE' - 2595 removed as not found in book table of contents
Hyperlink 'S730P0 Punteggi valutazioni' (2608)
Hyperlink 'S730P0 Punteggi valutazioni' - 2608 removed as not found in book table of contents
Hyperlink 'A008P3 Aziende/operatori - Gestione profili' (1167)
Hyperlink 'A008P3 Aziende/operatori - Gestione profili' - 1167 removed as not found in book table of contents
Hyperlink 'S730P0 Punteggi valutazioni' (2608)
Hyperlink 'S730P0 Punteggi valutazioni' - 2608 removed as not found in book table of contents
Hyperlink 'S705P0 Gestione valutatori' (2610)
Hyperlink 'S705P0 Gestione valutatori' - 2610 removed as not found in book table of contents
Hyperlink 'S706P0 Legami valutatore-dipendente' (2616)
Hyperlink 'S706P0 Legami valutatore-dipendente' - 2616 removed as not found in book table of contents
Hyperlink 'A008P3 Aziende/operatori - Gestione profili' (1167)
Hyperlink 'A008P3 Aziende/operatori - Gestione profili' - 1167 removed as not found in book table of contents
Hyperlink 'S740P0 Regole valutazioni' (2648)
Hyperlink 'S740P0 Regole valutazioni' - 2648 removed as not found in book table of contents
Hyperlink 'S746P0 Stati avanzamento valutazioni' (3027)
Hyperlink 'S746P0 Stati avanzamento valutazioni' - 3027 removed as not found in book table of contents
Hyperlink 'A008P3 Aziende/operatori - Gestione profili' (1167)
Hyperlink 'A008P3 Aziende/operatori - Gestione profili' - 1167 removed as not found in book table of contents
Hyperlink 'A008P3 Aziende/operatori - Gestione profili' (1167)
Hyperlink 'A008P3 Aziende/operatori - Gestione profili' - 1167 removed as not found in book table of contents
Hyperlink 'S740P0 Regole valutazioni' (2648)
Hyperlink 'S740P0 Regole valutazioni' - 2648 removed as not found in book table of contents
Hyperlink 'A008P3 Aziende/operatori - Gestione profili' (1167)
Hyperlink 'A008P3 Aziende/operatori - Gestione profili' - 1167 removed as not found in book table of contents
Hyperlink 'A008P3 Aziende/operatori - Gestione profili' (1167)
Hyperlink 'A008P3 Aziende/operatori - Gestione profili' - 1167 removed as not found in book table of contents
Hyperlink 'S740P0 Regole valutazioni' (2648)
Hyperlink 'S740P0 Regole valutazioni' - 2648 removed as not found in book table of contents
Hyperlink 'A008P3 Aziende/operatori - Gestione profili' (1167)
Hyperlink 'A008P3 Aziende/operatori - Gestione profili' - 1167 removed as not found in book table of contents
Hyperlink 'S740P0 Regole valutazioni' (2648)
Hyperlink 'S740P0 Regole valutazioni' - 2648 removed as not found in book table of contents
Hyperlink 'S746P0 Stati avanzamento valutazioni' (3027)
Hyperlink 'S746P0 Stati avanzamento valutazioni' - 3027 removed as not found in book table of contents
Hyperlink 'S740P0 Regole valutazioni' (2648)
Hyperlink 'S740P0 Regole valutazioni' - 2648 removed as not found in book table of contents
Hyperlink 'S740P0 Regole valutazioni' (2648)
Hyperlink 'S740P0 Regole valutazioni' - 2648 removed as not found in book table of contents
Hyperlink 'S740P0 Regole valutazioni' (2648)
Hyperlink 'S740P0 Regole valutazioni' - 2648 removed as not found in book table of contents
Hyperlink 'S740P0 Regole valutazioni' (2648)
Hyperlink 'S740P0 Regole valutazioni' - 2648 removed as not found in book table of contents
Hyperlink 'S740P0 Regole valutazioni' (2648)
Hyperlink 'S740P0 Regole valutazioni' - 2648 removed as not found in book table of contents
Hyperlink 'S740P0 Regole valutazioni' (2648)
Hyperlink 'S740P0 Regole valutazioni' - 2648 removed as not found in book table of contents
Hyperlink 'A008P3 Aziende/operatori - Gestione profili' (1167)
Hyperlink 'A008P3 Aziende/operatori - Gestione profili' - 1167 removed as not found in book table of contents
Hyperlink 'S700P0 Gestione aree e valutazioni' (2614)
Hyperlink 'S700P0 Gestione aree e valutazioni' - 2614 removed as not found in book table of contents
Hyperlink 'S700P0 Gestione aree e valutazioni' (2614)
Hyperlink 'S700P0 Gestione aree e valutazioni' - 2614 removed as not found in book table of contents
Hyperlink 'S730P0 Punteggi valutazioni' (2608)
Hyperlink 'S730P0 Punteggi valutazioni' - 2608 removed as not found in book table of contents
Hyperlink 'S700P0 Gestione aree e valutazioni' (2614)
Hyperlink 'S700P0 Gestione aree e valutazioni' - 2614 removed as not found in book table of contents
Hyperlink 'S730P0 Punteggi valutazioni' (2608)
Hyperlink 'S730P0 Punteggi valutazioni' - 2608 removed as not found in book table of contents
Hyperlink 'S700P0 Gestione aree e valutazioni' (2614)
Hyperlink 'S700P0 Gestione aree e valutazioni' - 2614 removed as not found in book table of contents
Hyperlink 'A169P0 Pesature individuali' (2777)
Hyperlink 'A169P0 Pesature individuali' - 2777 removed as not found in book table of contents
Hyperlink 'A008P3 Aziende/operatori - Gestione profili' (1167)
Hyperlink 'A008P3 Aziende/operatori - Gestione profili' - 1167 removed as not found in book table of contents
Hyperlink 'A008P3 Aziende/operatori - Gestione profili' (1167)
Hyperlink 'A008P3 Aziende/operatori - Gestione profili' - 1167 removed as not found in book table of contents
Hyperlink 'T774_PESATUREINDIVIDUALI' (2774)
Hyperlink 'T774_PESATUREINDIVIDUALI' - 2774 removed as not found in book table of contents
Hyperlink 'A172P0 Schede quantitative individuali' (2886)
Hyperlink 'A172P0 Schede quantitative individuali' - 2886 removed as not found in book table of contents
Hyperlink 'A008P3 Aziende/operatori - Gestione profili' (1167)
Hyperlink 'A008P3 Aziende/operatori - Gestione profili' - 1167 removed as not found in book table of contents
Hyperlink 'A008P3 Aziende/operatori - Gestione profili' (1167)
Hyperlink 'A008P3 Aziende/operatori - Gestione profili' - 1167 removed as not found in book table of contents
Hyperlink 'T767_INCQUANTGRUPPO' (2883)
Hyperlink 'T767_INCQUANTGRUPPO' - 2883 removed as not found in book table of contents
Hyperlink 'T768_INCQUANTINDIVIDUALI' (2884)
Hyperlink 'T768_INCQUANTINDIVIDUALI' - 2884 removed as not found in book table of contents
Hyperlink 'S705P0 Gestione valutatori' (2610)
Hyperlink 'S705P0 Gestione valutatori' - 2610 removed as not found in book table of contents
Hyperlink 'A160P0 Regole di assegnazione incentivi' (1116)
Hyperlink 'A160P0 Regole di assegnazione incentivi' - 1116 removed as not found in book table of contents
Hyperlink 'A164P0 Quote di incentivazione' (1114)
Hyperlink 'A164P0 Quote di incentivazione' - 1114 removed as not found in book table of contents
Hyperlink 'S705P0 Gestione valutatori' (2610)
Hyperlink 'S705P0 Gestione valutatori' - 2610 removed as not found in book table of contents
Hyperlink 'A163P0 Tipologie quote incentivi' (2632)
Hyperlink 'A163P0 Tipologie quote incentivi' - 2632 removed as not found in book table of contents
Hyperlink 'A164P0 Quote di incentivazione' (1114)
Hyperlink 'A164P0 Quote di incentivazione' - 1114 removed as not found in book table of contents
Hyperlink 'W002P2 Scheda anagrafica' (2172)
Hyperlink 'W002P2 Scheda anagrafica' (2172)
Hyperlink 'A118P0 Pubblicazione documenti' (3011)
Hyperlink 'A118P0 Pubblicazione documenti' - 3011 removed as not found in book table of contents
Hyperlink 'A008P12 Aziende/operatori - Gestione moduli' (2961)
Hyperlink 'A008P12 Aziende/operatori - Gestione moduli' - 2961 removed as not found in book table of contents
Hyperlink 'A008P12 Aziende/operatori - Gestione moduli' (2961)
Hyperlink 'A008P12 Aziende/operatori - Gestione moduli' - 2961 removed as not found in book table of contents
Hyperlink 'A008P12 Aziende/operatori - Gestione moduli' (2961)
Hyperlink 'A008P12 Aziende/operatori - Gestione moduli' - 2961 removed as not found in book table of contents
Hyperlink 'A008P12 Aziende/operatori - Gestione moduli' (2961)
Hyperlink 'A008P12 Aziende/operatori - Gestione moduli' - 2961 removed as not found in book table of contents
File 'btnC700Lente' - 939
Hyperlink 'A008P12 Aziende/operatori - Gestione moduli' (2961)
Hyperlink 'A008P12 Aziende/operatori - Gestione moduli' - 2961 removed as not found in book table of contents
Hyperlink 'A008P12 Aziende/operatori - Gestione moduli' (2961)
Hyperlink 'A008P12 Aziende/operatori - Gestione moduli' - 2961 removed as not found in book table of contents
Hyperlink 'A008P1 Aziende/operatori - Gestione aziende' (1165)
Hyperlink 'A008P1 Aziende/operatori - Gestione aziende' - 1165 removed as not found in book table of contents
Hyperlink 'T850_ITER_RICHIESTE' (2944)
Hyperlink 'T850_ITER_RICHIESTE' - 2944 removed as not found in book table of contents
Hyperlink 'T851_ITER_AUTORIZZAZIONI' (2945)
Hyperlink 'T851_ITER_AUTORIZZAZIONI' - 2945 removed as not found in book table of contents
Hyperlink 'T251_SCIOPERI_STRUTTURA' (3128)
Hyperlink 'T251_SCIOPERI_STRUTTURA' - 3128 removed as not found in book table of contents
Hyperlink 'T252_SCIOPERI_INDIVIDUALI' (3129)
Hyperlink 'A008P13 Aziende/operatori - Iter autorizzativi' (2959)
Hyperlink 'A008P13 Aziende/operatori - Iter autorizzativi' - 2959 removed as not found in book table of contents
Hyperlink 'W002P1 Elenco anagrafe' (2171)
Hyperlink 'W002P2 Scheda anagrafica' (2172)
Hyperlink 'T850_ITER_RICHIESTE' (2944)
Hyperlink 'T850_ITER_RICHIESTE' - 2944 removed as not found in book table of contents
Hyperlink 'T851_ITER_AUTORIZZAZIONI' (2945)
Hyperlink 'T851_ITER_AUTORIZZAZIONI' - 2945 removed as not found in book table of contents
Hyperlink 'A008P13 Aziende/operatori - Iter autorizzativi' (2959)
Hyperlink 'A008P13 Aziende/operatori - Iter autorizzativi' - 2959 removed as not found in book table of contents
Hyperlink 'Caratteri ASCII stampabili' (2870)
Hyperlink 'Caratteri ASCII stampabili' - 2870 removed as not found in book table of contents
Hyperlink 'A008P12 Aziende/operatori - Gestione moduli' (2961)
Hyperlink 'A008P12 Aziende/operatori - Gestione moduli' - 2961 removed as not found in book table of contents
Hyperlink 'A008P1 Aziende/operatori - Gestione aziende' (1165)
Hyperlink 'A008P1 Aziende/operatori - Gestione aziende' - 1165 removed as not found in book table of contents
Adding Hyperlinks and Graphics (32 Second(s))
Building index page... (4 Second(s))
Converting Files (4 Second(s))
Creating Stylesheet (< 1 Second)
Executing After Publish Actions
   Command Line: Run AfterPublish.bat
   Filename: Z:\AuthorIT\Publishing\HTML Pages\IrisWEB_CSI\AfterPublish.bat
   Arguments: "Z:\" "Z:\AuthorIT\Publishing\HTML Pages\IrisWEB_CSI"
Impossibile trovare il file specificato. Command Line: '<SYS_PUBLISH_FOLDER>\AfterPublish.bat'
Command Line - Run AfterPublish.bat (< 1 Second)
Publishing finish (Finished 11:01:53)
